c:\simdyn\simdyn\x64\debug\vc120.pdb
c:\simdyn\simdyn\x64\debug\simdyn.obj
c:\simdyn\simdyn\x64\debug\main.obj
c:\simdyn\simdyn\x64\debug\log.obj
c:\simdyn\simdyn\x64\debug\moc_simdyn.obj
c:\simdyn\simdyn\x64\debug\moc_documentcommon.obj
c:\simdyn\simdyn\x64\debug\qrc_simdyn.obj
c:\simdyn\simdyn\x64\debug\documentcommon.obj
c:\simdyn\simdyn\x64\debug\mdiwindow.obj
c:\simdyn\simdyn\x64\debug\view.obj
c:\simdyn\simdyn\generatedfiles\ui_simdyn.h
c:\simdyn\simdyn\generatedfiles\qrc_simdyn.cpp
c:\simdyn\simdyn\generatedfiles\debug\moc_simdyn.cpp
c:\simdyn\simdyn\generatedfiles\debug\moc_documentcommon.cpp
c:\simdyn\x64\debug\simdyn.ilk
c:\simdyn\x64\debug\simdyn.exe
c:\simdyn\x64\debug\simdyn.pdb
c:\simdyn\x64\debug\simdyn.lib
c:\simdyn\x64\debug\simdyn.exp
c:\simdyn\simdyn\x64\debug\simdyn.tlog\cl.command.1.tlog
c:\simdyn\simdyn\x64\debug\simdyn.tlog\cl.read.1.tlog
c:\simdyn\simdyn\x64\debug\simdyn.tlog\cl.write.1.tlog
c:\simdyn\simdyn\x64\debug\simdyn.tlog\custombuild.command.1.tlog
c:\simdyn\simdyn\x64\debug\simdyn.tlog\custombuild.read.1.tlog
c:\simdyn\simdyn\x64\debug\simdyn.tlog\custombuild.write.1.tlog
c:\simdyn\simdyn\x64\debug\simdyn.tlog\link-cvtres.read.1.tlog
c:\simdyn\simdyn\x64\debug\simdyn.tlog\link-cvtres.write.1.tlog
c:\simdyn\simdyn\x64\debug\simdyn.tlog\link-rc.read.1.tlog
c:\simdyn\simdyn\x64\debug\simdyn.tlog\link-rc.write.1.tlog
c:\simdyn\simdyn\x64\debug\simdyn.tlog\link.12848-cvtres.read.1.tlog
c:\simdyn\simdyn\x64\debug\simdyn.tlog\link.12848-cvtres.write.1.tlog
c:\simdyn\simdyn\x64\debug\simdyn.tlog\link.12848-rc.read.1.tlog
c:\simdyn\simdyn\x64\debug\simdyn.tlog\link.12848-rc.write.1.tlog
c:\simdyn\simdyn\x64\debug\simdyn.tlog\link.12848.read.1.tlog
c:\simdyn\simdyn\x64\debug\simdyn.tlog\link.12848.write.1.tlog
c:\simdyn\simdyn\x64\debug\simdyn.tlog\link.command.1.tlog
c:\simdyn\simdyn\x64\debug\simdyn.tlog\link.read.1.tlog
c:\simdyn\simdyn\x64\debug\simdyn.tlog\link.write.1.tlog
c:\simdyn\simdyn\x64\debug\simdyn.tlog\simdyn.write.1u.tlog
