빌드 시작: 2015-12-30 오후 6:22:41
     1>2 노드의 "C:\SimDyn\SimDyn\SimDyn.vcxproj" 프로젝트(Build 대상)입니다.
     1>CustomBuild:
         Moc'ing simdyn.h...
         Qt: Untested Windows version 10.0 detected!
         Uic'ing simdyn.ui...
         Rcc'ing simdyn.qrc...
         Qt: Untested Windows version 10.0 detected!
     1>RCC : warning : No resources in 'C:\SimDyn\SimDyn\simdyn.qrc'.
         
       ClCompile:
         C:\Program Files (x86)\Microsoft Visual Studio 12.0\VC\bin\CL.exe /c /I.\GeneratedFiles /I. /IC:\Qt\5.4\msvc2013_opengl\include /I.\GeneratedFiles\Debug /IC:\Qt\5.4\msvc2013_opengl\include\QtCore /IC:\Qt\5.4\msvc2013_opengl\include\QtGui /IC:\Qt\5.4\msvc2013_opengl\include\QtOpenGL /IC:\Qt\5.4\msvc2013_opengl\include\QtWidgets /Zi /nologo /W1 /WX- /Od /Oy- /D UNICODE /D WIN32 /D WIN64 /D QT_DLL /D QT_CORE_LIB /D QT_GUI_LIB /D QT_OPENGL_LIB /D QT_WIDGETS_LIB /Gm- /EHsc /MDd /GS /fp:precise /Zc:wchar_t /Zc:forScope /Fo"Debug\\" /Fd"Debug\vc120.pdb" /Gd /TP /analyze- /errorReport:prompt GeneratedFiles\Debug\moc_simdyn.cpp main.cpp simdyn.cpp
         moc_simdyn.cpp
         main.cpp
         simdyn.cpp
         코드를 생성하고 있습니다...
         C:\Program Files (x86)\Microsoft Visual Studio 12.0\VC\bin\CL.exe /c /I.\GeneratedFiles /I. /IC:\Qt\5.4\msvc2013_opengl\include /I.\GeneratedFiles\Debug /IC:\Qt\5.4\msvc2013_opengl\include\QtCore /IC:\Qt\5.4\msvc2013_opengl\include\QtGui /IC:\Qt\5.4\msvc2013_opengl\include\QtOpenGL /IC:\Qt\5.4\msvc2013_opengl\include\QtWidgets /Zi /nologo /W1 /WX- /Od /Oy- /D UNICODE /D WIN32 /D WIN64 /D QT_DLL /D QT_CORE_LIB /D QT_GUI_LIB /D QT_OPENGL_LIB /D QT_WIDGETS_LIB /Gm- /EHsc /MDd /GS /fp:precise /Zc:wchar_t /Zc:forScope /Fo"Debug\\" /Fd"Debug\vc120.pdb" /Gd /TP /analyze- /errorReport:prompt GeneratedFiles\qrc_simdyn.cpp
         qrc_simdyn.cpp
       Link:
         C:\Program Files (x86)\Microsoft Visual Studio 12.0\VC\bin\link.exe /ERRORREPORT:PROMPT /OUT:"C:\SimDyn\Win32\Debug\\SimDyn.exe" /NOLOGO /LIBPATH:C:\Qt\5.4\msvc2013_opengl\lib qtmaind.lib Qt5Cored.lib Qt5Guid.lib Qt5OpenGLd.lib opengl32.lib glu32.lib Qt5Widgetsd.lib kernel32.lib user32.lib gdi32.lib winspool.lib comdlg32.lib advapi32.lib shell32.lib ole32.lib oleaut32.lib uuid.lib odbc32.lib odbccp32.lib /MANIFEST /MANIFESTUAC:"level='asInvoker' uiAccess='false'" /manifest:embed /DEBUG /PDB:"C:\SimDyn\Win32\Debug\SimDyn.pdb" /SUBSYSTEM:WINDOWS /TLBID:1 /DYNAMICBASE /NXCOMPAT /IMPLIB:"C:\SimDyn\Win32\Debug\SimDyn.lib" /MACHINE:X86 /SAFESEH Debug\moc_simdyn.obj
         Debug\qrc_simdyn.obj
         Debug\main.obj
         Debug\simdyn.obj
         SimDyn.vcxproj -> C:\SimDyn\Win32\Debug\SimDyn.exe
     1>"C:\SimDyn\SimDyn\SimDyn.vcxproj" 프로젝트를 빌드했습니다(Build 대상).

빌드했습니다.

경과 시간: 00:00:04.59
